[21:02:37] [main/INFO]: Setting user: FrizzleandPOP
[21:02:38] [Client thread/INFO]: LWJGL Version: 2.9.1
[21:02:45] [Client thread/INFO]: Reloading ResourceManager: Default, FMLFileResourcePack:Forge Mod Loader, FMLFileResourcePack:Minecraft Forge, FMLFileResourcePack:Ratchet and Clank Mod, FMLFileResourcePack:Simply Jetpacks
[21:02:46] [Client thread/INFO]: Created: 16x16 textures/blocks-atlas
[21:02:46] [Client thread/INFO]: Created: 16x16 textures/items-atlas
[21:02:46] [Sound Library Loader/INFO]: Sound engine started
[21:02:48] [Client thread/INFO]: Reloading ResourceManager: Default, FMLFileResourcePack:Forge Mod Loader, FMLFileResourcePack:Minecraft Forge, FMLFileResourcePack:Ratchet and Clank Mod, FMLFileResourcePack:Simply Jetpacks
[21:02:48] [Client thread/INFO]: Created: 512x256 textures/blocks-atlas
[21:02:48] [Client thread/INFO]: Created: 512x512 textures/items-atlas
[21:02:49] [Sound Library Loader/INFO]: Sound engine started
[21:02:53] [Client thread/INFO]: Connecting to 158.69.50.132, 26969
[21:02:54] [Server Connector #1/ERROR]: Couldn't connect to server
java.net.ConnectException: Connection refused: no further information: /158.69.50.132:26969
	at sun.nio.ch.SocketChannelImpl.checkConnect(Native Method) ~[?:1.8.0_71]
	at sun.nio.ch.SocketChannelImpl.finishConnect(Unknown Source) ~[?:1.8.0_71]
	at io.netty.channel.socket.nio.NioSocketChannel.doFinishConnect(NioSocketChannel.java:191) ~[NioSocketChannel.class:?]
	at io.netty.channel.nio.AbstractNioChannel$AbstractNioUnsafe.finishConnect(AbstractNioChannel.java:228) ~[AbstractNioChannel$AbstractNioUnsafe.class:?]
	at io.netty.channel.nio.NioEventLoop.processSelectedKey(NioEventLoop.java:497) ~[NioEventLoop.class:?]
	at io.netty.channel.nio.NioEventLoop.processSelectedKeysOptimized(NioEventLoop.java:447) ~[NioEventLoop.class:?]
	at io.netty.channel.nio.NioEventLoop.run(NioEventLoop.java:341) ~[NioEventLoop.class:?]
	at io.netty.util.concurrent.SingleThreadEventExecutor$2.run(SingleThreadEventExecutor.java:101) ~[SingleThreadEventExecutor$2.class:?]
	at java.lang.Thread.run(Unknown Source) ~[?:1.8.0_71]
[21:04:53] [Client thread/INFO]: Connecting to 158.69.50.132, 26969
[21:05:02] [Client thread/INFO]: Stopping!
